0 info it worked if it ends with ok
1 verbose cli [ '/usr/local/bin/node', '/usr/local/bin/npm', 'start' ]
2 info using npm@3.3.12
3 info using node@v5.4.0
4 verbose run-script [ 'prestart', 'start', 'poststart' ]
5 info lifecycle react-seed@1.0.0~prestart: react-seed@1.0.0
6 silly lifecycle react-seed@1.0.0~prestart: no script for prestart, continuing
7 info lifecycle react-seed@1.0.0~start: react-seed@1.0.0
8 verbose lifecycle react-seed@1.0.0~start: unsafe-perm in lifecycle true
9 verbose lifecycle react-seed@1.0.0~start: PATH: /usr/local/lib/node_modules/npm/bin/node-gyp-bin:/Users/monkey/Documents/nice/codeProjects/react/tvOS/react-seed/node_modules/.bin:/usr/local/bin:/usr/bin:/bin:/usr/sbin:/sbin
10 verbose lifecycle react-seed@1.0.0~start: CWD: /Users/monkey/Documents/nice/codeProjects/react/tvOS/react-seed
11 silly lifecycle react-seed@1.0.0~start: Args: [ '-c',
11 silly lifecycle   'watchify src/main.jsx -v -t [babelify --presets [react]] -o public/js/main.js' ]
12 silly lifecycle react-seed@1.0.0~start: Returned: code: 1  signal: null
13 info lifecycle react-seed@1.0.0~start: Failed to exec start script
14 verbose stack Error: react-seed@1.0.0 start: `watchify src/main.jsx -v -t [babelify --presets [react]] -o public/js/main.js`
14 verbose stack Exit status 1
14 verbose stack     at EventEmitter.<anonymous> (/usr/local/lib/node_modules/npm/lib/utils/lifecycle.js:232:16)
14 verbose stack     at emitTwo (events.js:87:13)
14 verbose stack     at EventEmitter.emit (events.js:172:7)
14 verbose stack     at ChildProcess.<anonymous> (/usr/local/lib/node_modules/npm/lib/utils/spawn.js:24:14)
14 verbose stack     at emitTwo (events.js:87:13)
14 verbose stack     at ChildProcess.emit (events.js:172:7)
14 verbose stack     at maybeClose (internal/child_process.js:821:16)
14 verbose stack     at Process.ChildProcess._handle.onexit (internal/child_process.js:211:5)
15 verbose pkgid react-seed@1.0.0
16 verbose cwd /Users/monkey/Documents/nice/codeProjects/react/tvOS/react-seed
17 error Darwin 14.5.0
18 error argv "/usr/local/bin/node" "/usr/local/bin/npm" "start"
19 error node v5.4.0
20 error npm  v3.3.12
21 error code ELIFECYCLE
22 error react-seed@1.0.0 start: `watchify src/main.jsx -v -t [babelify --presets [react]] -o public/js/main.js`
22 error Exit status 1
23 error Failed at the react-seed@1.0.0 start script 'watchify src/main.jsx -v -t [babelify --presets [react]] -o public/js/main.js'.
23 error Make sure you have the latest version of node.js and npm installed.
23 error If you do, this is most likely a problem with the react-seed package,
23 error not with npm itself.
23 error Tell the author that this fails on your system:
23 error     watchify src/main.jsx -v -t [babelify --presets [react]] -o public/js/main.js
23 error You can get their info via:
23 error     npm owner ls react-seed
23 error There is likely additional logging output above.
24 verbose exit [ 1, true ]
